# JRE version: Java(TM) SE Runtime Environment (17.0.12+8) (build 17.0.12+8-LTS-286)
# Java VM: Java HotSpot(TM) 64-Bit Server VM (17.0.12+8-LTS-286, mixed mode, emulated-client, sharing, tiered, compressed oops, compressed class ptrs, g1 gc, windows-amd64)
GC Precious Log:
 CPUs: 20 total, 20 available
 Memory: 16049M
 Large Page Support: Disabled
 NUMA Support: Disabled
 Compressed Oops: Enabled (Zero based)
 Heap Region Size: 2M
 Heap Min Capacity: 8M
 Heap Initial Capacity: 252M
 Heap Max Capacity: 4014M
 Pre-touch: Disabled
 Parallel Workers: 15
 Concurrent Workers: 4
 Concurrent Refinement Workers: 15
 Periodic GC: Disabled
Heap:
 garbage-first heap   total 90112K, used 52591K [0x0000000705200000, 0x0000000800000000)
  region size 2048K, 12 young (24576K), 3 survivors (6144K)
 Metaspace       used 69043K, committed 69632K, reserved 1114112K
  class space    used 10131K, committed 10432K, reserved 1048576K
GC Heap History (20 events):
Event: 3.532 GC heap before
{Heap before GC invocations=7 (full 0):
 garbage-first heap   total 75776K, used 50947K [0x0000000705200000, 0x0000000800000000)
  region size 2048K, 17 young (34816K), 1 survivors (2048K)
 Metaspace       used 28124K, committed 28480K, reserved 1114112K
  class space    used 4016K, committed 4160K, reserved 1048576K
}
Event: 3.537 GC heap after
{Heap after GC invocations=8 (full 0):
 garbage-first heap   total 75776K, used 19441K [0x0000000705200000, 0x0000000800000000)
  region size 2048K, 1 young (2048K), 1 survivors (2048K)
 Metaspace       used 28124K, committed 28480K, reserved 1114112K
  class space    used 4016K, committed 4160K, reserved 1048576K
}
Event: 4.095 GC heap before
{Heap before GC invocations=8 (full 0):
 garbage-first heap   total 75776K, used 54257K [0x0000000705200000, 0x0000000800000000)
  region size 2048K, 18 young (36864K), 1 survivors (2048K)
 Metaspace       used 33452K, committed 33856K, reserved 1114112K
  class space    used 4784K, committed 4992K, reserved 1048576K
}
Event: 4.103 GC heap after
{Heap after GC invocations=9 (full 0):
 garbage-first heap   total 75776K, used 22559K [0x0000000705200000, 0x0000000800000000)
  region size 2048K, 3 young (6144K), 3 survivors (6144K)
 Metaspace       used 33452K, committed 33856K, reserved 1114112K
  class space    used 4784K, committed 4992K, reserved 1048576K
}
Event: 4.527 GC heap before
{Heap before GC invocations=9 (full 0):
 garbage-first heap   total 75776K, used 38943K [0x0000000705200000, 0x0000000800000000)
  region size 2048K, 13 young (26624K), 3 survivors (6144K)
 Metaspace       used 35726K, committed 36160K, reserved 1114112K
  class space    used 5093K, committed 5312K, reserved 1048576K
}
Event: 4.531 GC heap after
{Heap after GC invocations=10 (full 0):
 garbage-first heap   total 118784K, used 23806K [0x0000000705200000, 0x0000000800000000)
  region size 2048K, 1 young (2048K), 1 survivors (2048K)
 Metaspace       used 35726K, committed 36160K, reserved 1114112K
  class space    used 5093K, committed 5312K, reserved 1048576K
}
Event: 5.605 GC heap before
{Heap before GC invocations=11 (full 0):
 garbage-first heap   total 90112K, used 77054K [0x0000000705200000, 0x0000000800000000)
  region size 2048K, 28 young (57344K), 1 survivors (2048K)
 Metaspace       used 47101K, committed 47616K, reserved 1114112K
  class space    used 6725K, committed 6976K, reserved 1048576K
}
Event: 5.608 GC heap after
{Heap after GC invocations=12 (full 0):
 garbage-first heap   total 90112K, used 27484K [0x0000000705200000, 0x0000000800000000)
  region size 2048K, 3 young (6144K), 3 survivors (6144K)
 Metaspace       used 47101K, committed 47616K, reserved 1114112K
  class space    used 6725K, committed 6976K, reserved 1048576K
}
Event: 6.164 GC heap before
{Heap before GC invocations=12 (full 0):
 garbage-first heap   total 90112K, used 66396K [0x0000000705200000, 0x0000000800000000)
  region size 2048K, 22 young (45056K), 3 survivors (6144K)
 Metaspace       used 54807K, committed 55232K, reserved 1114112K
  class space    used 7997K, committed 8192K, reserved 1048576K
}
Event: 6.167 GC heap after
{Heap after GC invocations=13 (full 0):
 garbage-first heap   total 90112K, used 28859K [0x0000000705200000, 0x0000000800000000)
  region size 2048K, 1 young (2048K), 1 survivors (2048K)
 Metaspace       used 54807K, committed 55232K, reserved 1114112K
  class space    used 7997K, committed 8192K, reserved 1048576K
}
Event: 6.622 GC heap before
{Heap before GC invocations=13 (full 0):
 garbage-first heap   total 90112K, used 51387K [0x0000000705200000, 0x0000000800000000)
  region size 2048K, 13 young (26624K), 1 survivors (2048K)
 Metaspace       used 59893K, committed 60416K, reserved 1114112K
  class space    used 8684K, committed 8896K, reserved 1048576K
}
Event: 6.625 GC heap after
{Heap after GC invocations=14 (full 0):
 garbage-first heap   total 90112K, used 30361K [0x0000000705200000, 0x0000000800000000)
  region size 2048K, 2 young (4096K), 2 survivors (4096K)
 Metaspace       used 59893K, committed 60416K, reserved 1114112K
  class space    used 8684K, committed 8896K, reserved 1048576K
}
Event: 6.952 GC heap before
{Heap before GC invocations=15 (full 0):
 garbage-first heap   total 90112K, used 67225K [0x0000000705200000, 0x0000000800000000)
  region size 2048K, 20 young (40960K), 2 survivors (4096K)
 Metaspace       used 61399K, committed 62016K, reserved 1114112K
  class space    used 9027K, committed 9344K, reserved 1048576K
}
Event: 6.954 GC heap after
{Heap after GC invocations=16 (full 0):
 garbage-first heap   total 90112K, used 31672K [0x0000000705200000, 0x0000000800000000)
  region size 2048K, 3 young (6144K), 3 survivors (6144K)
 Metaspace       used 61399K, committed 62016K, reserved 1114112K
  class space    used 9027K, committed 9344K, reserved 1048576K
}
Event: 6.957 GC heap before
{Heap before GC invocations=16 (full 0):
 garbage-first heap   total 90112K, used 33720K [0x0000000705200000, 0x0000000800000000)
  region size 2048K, 4 young (8192K), 3 survivors (6144K)
 Metaspace       used 61399K, committed 62016K, reserved 1114112K
  class space    used 9027K, committed 9344K, reserved 1048576K
}
Event: 6.960 GC heap after
{Heap after GC invocations=17 (full 0):
 garbage-first heap   total 90112K, used 31334K [0x0000000705200000, 0x0000000800000000)
  region size 2048K, 1 young (2048K), 1 survivors (2048K)
 Metaspace       used 61399K, committed 62016K, reserved 1114112K
  class space    used 9027K, committed 9344K, reserved 1048576K
}
Event: 7.221 GC heap before
{Heap before GC invocations=17 (full 0):
 garbage-first heap   total 90112K, used 68198K [0x0000000705200000, 0x0000000800000000)
  region size 2048K, 19 young (38912K), 1 survivors (2048K)
 Metaspace       used 63497K, committed 64128K, reserved 1114112K
  class space    used 9292K, committed 9600K, reserved 1048576K
}
Event: 7.222 GC heap after
{Heap after GC invocations=18 (full 0):
 garbage-first heap   total 90112K, used 32944K [0x0000000705200000, 0x0000000800000000)
  region size 2048K, 1 young (2048K), 1 survivors (2048K)
 Metaspace       used 63497K, committed 64128K, reserved 1114112K
  class space    used 9292K, committed 9600K, reserved 1048576K
}
Event: 7.731 GC heap before
{Heap before GC invocations=18 (full 0):
 garbage-first heap   total 90112K, used 69808K [0x0000000705200000, 0x0000000800000000)
  region size 2048K, 19 young (38912K), 1 survivors (2048K)
 Metaspace       used 67661K, committed 68224K, reserved 1114112K
  class space    used 9910K, committed 10176K, reserved 1048576K
}
Event: 7.734 GC heap after
{Heap after GC invocations=19 (full 0):
 garbage-first heap   total 90112K, used 36207K [0x0000000705200000, 0x0000000800000000)
  region size 2048K, 3 young (6144K), 3 survivors (6144K)
 Metaspace       used 67661K, committed 68224K, reserved 1114112K
  class space    used 9910K, committed 10176K, reserved 1048576K
}

